<?xml version="1.0" encoding="UTF-8"?>
<!-- Generated by org.testng.reporters.JUnitReportReporter -->
<testsuite hostname="Mypc" name="testNG.UserregTC" tests="1" failures="0" timestamp="2 Aug 2017 05:54:51 GMT" time="9.516" errors="0">
  <testcase name="org_Userreg" time="9.516" classname="testNG.UserregTC"/>
</testsuite> <!-- testNG.UserregTC -->
