<?xml version="1.0" encoding="UTF-8"?>
<!-- Generated by org.testng.reporters.JUnitReportReporter -->
<testsuite hostname="Mypc" name="testNG.EmpregTest" tests="2" failures="0" timestamp="3 Aug 2017 05:08:10 GMT" time="12.290" errors="0">
  <testcase name="org_Empreg" time="6.501" classname="testNG.EmpregTest"/>
  <testcase name="org_Empreg" time="5.789" classname="testNG.EmpregTest"/>
</testsuite> <!-- testNG.EmpregTest -->
