<?xml version="1.0" encoding="UTF-8"?>
<!-- Generated by org.testng.reporters.JUnitReportReporter -->
<testsuite hostname="Mypc" name="testNG.BasicAnnotationEg" tests="3" failures="0" timestamp="2 Aug 2017 05:21:18 GMT" time="0.060" errors="0">
  <testcase name="apple" time="0.027" classname="testNG.BasicAnnotationEg"/>
  <testcase name="function2" time="0.016" classname="testNG.BasicAnnotationEg"/>
  <testcase name="function1" time="0.017" classname="testNG.BasicAnnotationEg"/>
</testsuite> <!-- testNG.BasicAnnotationEg -->
