<?xml version="1.0" encoding="UTF-8"?>
<!-- Generated by org.testng.reporters.JUnitReportReporter -->
<testsuite hostname="Mypc" name="grid.GridEg" tests="2" failures="0" timestamp="8 Aug 2017 06:03:11 GMT" time="61.183" errors="0">
  <testcase name="grid" time="27.406" classname="grid.GridEg"/>
  <testcase name="grid" time="33.777" classname="grid.GridEg"/>
</testsuite> <!-- grid.GridEg -->
